<?xml version="1.0" encoding="UTF-8"?>
<testsuite name="org.example.KwadratTest" tests="9" skipped="1" failures="0" errors="0" timestamp="2022-11-09T09:39:01" hostname="DESKTOP-RBK78I0" time="0.496">
  <properties/>
  <testcase name="menyusunPersamaanKuadrat()" classname="org.example.KwadratTest" time="0.085"/>
  <testcase name="skippedTest()" classname="org.example.KwadratTest" time="0.001">
    <skipped/>
  </testcase>
  <testcase name="pertidaksamaanLinear()" classname="org.example.KwadratTest" time="0.014"/>
  <testcase name="[1] 1, 2, 3, XPX = -2.0 XMX = 3.0 X2PX2 = -2.0 XPXP = -0.6666666666666666" classname="org.example.KwadratTest" time="0.089"/>
  <testcase name="[2] 4, 5, 6, XPX = -1.0 XMX = 1.0 X2PX2 = -1.0 XPXP = -1.0" classname="org.example.KwadratTest" time="0.002"/>
  <testcase name="[3] 10, 11, 12, XPX = -1.0 XMX = 1.0 X2PX2 = -1.0 XPXP = -1.0" classname="org.example.KwadratTest" time="0.003"/>
  <testcase name="rumusABC()" classname="org.example.KwadratTest" time="0.004"/>
  <testcase name="pertidaksamaanKuadrat()" classname="org.example.KwadratTest" time="0.004"/>
  <testcase name="Jumlah Hasil Akar" classname="org.example.KwadratTest" time="0.003"/>
  <system-out><![CDATA[]]></system-out>
  <system-err><![CDATA[]]></system-err>
</testsuite>
